--------------------Moonraker Log Start--------------------
data_path: /home/pi/printer_data
is_default_data_path: False
config_file: /home/pi/printer_data/config/moonraker.conf
startup_warnings: []
verbose: False
debug: False
asyncio_debug: False
is_backup_config: False
log_file: /home/pi/printer_data/logs/moonraker.log
software_version: v0.7.1-794-g225ec58
python_version: 3.9.2 (default, Mar 12 2021, 04:06:34)  [GCC 10.2.1 20210110]

#################### Moonraker Configuration ####################

[server]
host = 0.0.0.0
port = 7125

[file_manager]
enable_object_processing = True

[data_store]
temperature_store_size = 600
gcode_store_size = 1000

[authorization]
cors_domains = 
	*://app.fluidd.xyz
	https://my.mainsail.xyz
	http://my.mainsail.xyz
	http://*.local
	http://*.lan
trusted_clients = 
	127.0.0.1
	10.0.0.0/8
	127.0.0.0/8
	169.254.0.0/16
	172.16.0.0/12
	192.168.0.0/16
	FE80::/10
	::1/128

[history]

[octoprint_compat]

[announcements]
subscriptions = 
	mainsail

[update_manager]
refresh_interval = 168
enable_auto_refresh = True

[update_manager mainsail]
type = web
channel = beta
repo = mainsail-crew/mainsail
path = ~/mainsail

[update_manager crowsnest]
type = git_repo
path = ~/crowsnest
origin = https://github.com/mainsail-crew/crowsnest.git
managed_services = crowsnest

[update_manager sonar]
type = git_repo
path = ~/sonar
origin = https://github.com/mainsail-crew/sonar.git
primary_branch = main
managed_services = sonar

#################################################################
All Configuration Files:
/home/pi/printer_data/config/moonraker.conf
#################################################################
Unsafe Shutdown Count: 0

System Info:

***python***
  version: sys.version_info(major=3, minor=9, micro=2, releaselevel='final', serial=0)
  version_string: 3.9.2 (default, Mar 12 2021, 04:06:34)  [GCC 10.2.1 20210110]

***cpu_info***
  cpu_count: 4
  bits: 32bit
  processor: armv7l
  cpu_desc: ARMv7 Processor rev 4 (v7l)
  serial_number: 85441de0
  hardware_desc: BCM2835
  model: Raspberry Pi 3 Model B Plus Rev 1.3
  total_memory: 891488
  memory_units: kB

***sd_info***
  manufacturer_id: 03
  manufacturer: Sandisk
  oem_id: 5344
  product_name: SC32G
  product_revision: 8.0
  serial_number: b2d61b80
  manufacturer_date: 9/2020
  capacity: 29.7 GiB
  total_bytes: 31914983424

***distribution***
  name: Raspbian GNU/Linux 11 (bullseye)
  id: raspbian
  version: 11
  version_parts: {'major': '11', 'minor': '', 'build_number': ''}
  like: debian
  codename: bullseye
  release_info: {'name': 'MainsailOS', 'version_id': '1.0.1', 'codename': 'bullseye', 'id': 'mainsailos'}

***virtualization***
  virt_type: none
  virt_identifier: none

***network***

***canbus***

***Allowed Services***
  klipper_mcu
  webcamd
  MoonCord
  KlipperScreen
  moonraker-telegram-bot
  sonar
  crowsnest

Systemd unit moonraker.service:
unit_name: moonraker.service
is_default: True
Properties:
**Requires=['network-online.target', 'system.slice', 'sysinit.target', '-.mount']
**After=['klipper.service', 'systemd-journald.socket', 'network-online.target', 'basic.target', 'system.slice', 'sysinit.target', '-.mount']
**SupplementaryGroups=['moonraker-admin']
**EnvironmentFiles=/home/pi/printer_data/systemd/moonraker.env
**ExecStart=/home/pi/moonraker-env/bin/python $MOONRAKER_ARGS
**WorkingDirectory=/home/pi/moonraker
**FragmentPath=/etc/systemd/system/moonraker.service
**Description=API Server for Klipper SV1
**User=pi
CPU Throttled Flags: ['Under-Voltage Detected', 'Currently Throttled', 'Previously Under-Volted', 'Previously Throttled']

Systemd unit klipper.service:
unit_name: klipper.service
is_default: True
Properties:
**Description=Klipper 3D Printer Firmware SV1
**ExecStart=/home/pi/klippy-env/bin/python $KLIPPER_ARGS
**FragmentPath=/etc/systemd/system/klipper.service
Klipper Version: v0.11.0-55-g448c1a14
2023-01-26 12:11:09,541 [authorization.py:_prune_conn_handler()] - Trusted Connection Expired, IP: 192.168.50.181
2023-01-26 13:12:05,510 [machine.py:_find_public_ip()] - Failed to detect local IP address
2023-01-26 13:12:05,512 [webcam.py:_set_default_host_ip()] - Default public webcam address set: http://127.0.0.1
2023-01-26 13:12:14,872 [websockets.py:write_to_socket()] - Websocket closed while writing: 1741093520
2023-01-26 13:12:15,518 [machine.py:_find_public_ip()] - Failed to detect local IP address
2023-01-26 13:12:19,803 [websockets.py:on_close()] - Websocket Closed: ID: 1741093520 Close Code: None, Close Reason: None, Pong Time Elapsed: 40.80
2023-01-26 13:12:22,071 [authorization.py:_check_trusted_connection()] - Trusted Connection Detected, IP: 192.168.50.181
2023-01-26 13:12:22,074 [app.py:log_request()] - 101 GET /websocket (192.168.50.181) [_TRUSTED_USER_] 6.24ms
2023-01-26 13:12:22,075 [websockets.py:open()] - Websocket Opened: ID: 1749867416, Proxied: True, User Agent: Mozilla/5.0 (Windows NT 10.0; Win64; x64) AppleWebKit/537.36 (KHTML, like Gecko) Chrome/107.0.0.0 Safari/537.36 OPR/93.0.0.0, Host Name: 192.168.50.172
2023-01-26 13:12:22,107 [websockets.py:_handle_identify()] - Websocket 1749867416 Client Identified - Name: mainsail, Version: 2.4.1, Type: web
2023-01-26 13:12:25,532 [machine.py:_find_public_ip()] - Detected Local IP: 192.168.50.172
2023-01-26 13:12:25,536 [webcam.py:_set_default_host_ip()] - Default public webcam address set: http://192.168.50.172
2023-01-26 14:16:09,566 [authorization.py:_prune_conn_handler()] - Trusted Connection Expired, IP: 192.168.50.181
2023-01-26 14:52:43,044 [machine.py:_find_public_ip()] - Failed to detect local IP address
2023-01-26 14:52:43,046 [webcam.py:_set_default_host_ip()] - Default public webcam address set: http://127.0.0.1
2023-01-26 14:53:02,138 [websockets.py:write_to_socket()] - Websocket closed while writing: 1749867416
2023-01-26 14:53:03,065 [machine.py:_find_public_ip()] - Failed to detect local IP address
2023-01-26 14:53:07,078 [websockets.py:on_close()] - Websocket Closed: ID: 1749867416 Close Code: None, Close Reason: None, Pong Time Elapsed: 42.73
2023-01-26 14:53:08,688 [authorization.py:_check_trusted_connection()] - Trusted Connection Detected, IP: 192.168.50.181
2023-01-26 14:53:08,695 [app.py:log_request()] - 101 GET /websocket (192.168.50.181) [_TRUSTED_USER_] 10.84ms
2023-01-26 14:53:08,696 [websockets.py:open()] - Websocket Opened: ID: 1749900568, Proxied: True, User Agent: Mozilla/5.0 (Windows NT 10.0; Win64; x64) AppleWebKit/537.36 (KHTML, like Gecko) Chrome/107.0.0.0 Safari/537.36 OPR/93.0.0.0, Host Name: 192.168.50.172
2023-01-26 14:53:08,699 [websockets.py:_handle_identify()] - Websocket 1749900568 Client Identified - Name: mainsail, Version: 2.4.1, Type: web
2023-01-26 14:53:13,079 [machine.py:_find_public_ip()] - Detected Local IP: 192.168.50.172
2023-01-26 14:53:13,082 [webcam.py:_set_default_host_ip()] - Default public webcam address set: http://192.168.50.172
